<?xml version="1.0" encoding="UTF-8" ?>
<testsuite failures="0" time="0.006" errors="0" skipped="0" tests="1" name="springapp.validator.EditFormSubmitValidatorTest">
  <properties>
    <property name="java.runtime.name" value="Java(TM) SE Runtime Environment"/>
    <property name="sun.boot.library.path" value="D:\JDK\jre\bin"/>
    <property name="java.vm.version" value="23.3-b01"/>
    <property name="dbunit.password" value=""/>
    <property name="dbunit.username" value="beorn"/>
    <property name="java.vm.vendor" value="Oracle Corporation"/>
    <property name="java.vendor.url" value="http://java.oracle.com/"/>
    <property name="path.separator" value=";"/>
    <property name="java.vm.name" value="Java HotSpot(TM) 64-Bit Server VM"/>
    <property name="file.encoding.pkg" value="sun.io"/>
    <property name="user.script" value=""/>
    <property name="user.country" value="RU"/>
    <property name="sun.java.launcher" value="SUN_STANDARD"/>
    <property name="sun.os.patch.level" value=""/>
    <property name="java.vm.specification.name" value="Java Virtual Machine Specification"/>
    <property name="user.dir" value="D:\beorn\work\javaworks\sunbay\promen"/>
    <property name="java.runtime.version" value="1.7.0_07-b11"/>
    <property name="java.awt.graphicsenv" value="sun.awt.Win32GraphicsEnvironment"/>
    <property name="basedir" value="D:\beorn\work\javaworks\sunbay\promen"/>
    <property name="java.endorsed.dirs" value="D:\JDK\jre\lib\endorsed"/>
    <property name="os.arch" value="amd64"/>
    <property name="surefire.real.class.path" value="C:\Users\29F0~1\AppData\Local\Temp\surefirebooter3991641329337854909.jar"/>
    <property name="java.io.tmpdir" value="C:\Users\29F0~1\AppData\Local\Temp\"/>
    <property name="line.separator" value="
"/>
    <property name="java.vm.specification.vendor" value="Oracle Corporation"/>
    <property name="user.variant" value=""/>
    <property name="os.name" value="Windows 7"/>
    <property name="sun.jnu.encoding" value="Cp1251"/>
    <property name="dbunit.schema" value="testschema"/>
    <property name="java.library.path" value="D:\JDK\jre\bin;C:\Windows\Sun\Java\bin;C:\Windows\system32;C:\Windows;C:\Program Files (x86)\NVIDIA Corporation\PhysX\Common;C:\Program Files\Common Files\Microsoft Shared\Windows Live;C:\PROGRAM FILES\DELL\DW WLAN CARD;C:\PROGRAM FILES (X86)\INTEL\ICLS CLIENT\;C:\PROGRAM FILES\INTEL\ICLS CLIENT\;C:\Windows\SYSTEM32;C:\Windows;C:\Windows\SYSTEM32\WBEM;C:\Windows\SYSTEM32\WINDOWSPOWERSHELL\V1.0\;C:\PROGRAM FILES\INTEL\INTEL(R) MANAGEMENT ENGINE COMPONENTS\DAL;C:\PROGRAM FILES\INTEL\INTEL(R) MANAGEMENT ENGINE COMPONENTS\IPT;C:\PROGRAM FILES (X86)\INTEL\INTEL(R) MANAGEMENT ENGINE COMPONENTS\DAL;C:\PROGRAM FILES (X86)\INTEL\INTEL(R) MANAGEMENT ENGINE COMPONENTS\IPT;C:\Program Files\WIDCOMM\Bluetooth Software\;C:\Program Files\WIDCOMM\Bluetooth Software\syswow64;C:\Program Files (x86)\Intel\OpenCL SDK\1.5\bin\x86;C:\Program Files (x86)\Intel\OpenCL SDK\1.5\bin\x64;C:\Program Files (x86)\Heroku\bin;C:\Program Files (x86)\ruby-1.9.2\bin;C:\Program Files (x86)\git\bin;C:\Program Files (x86)\git\cmd;D:\beorn\work\maven\bin;."/>
    <property name="surefire.test.class.path" value="D:\beorn\work\javaworks\sunbay\promen\target\test-classes;D:\beorn\work\javaworks\sunbay\promen\target\classes;C:\Users\олег\.m2\repository\org\springframework\spring-test\3.1.0.RELEASE\spring-test-3.1.0.RELEASE.jar;C:\Users\олег\.m2\repository\org\springframework\spring-webmvc\3.1.0.RELEASE\spring-webmvc-3.1.0.RELEASE.jar;C:\Users\олег\.m2\repository\org\springframework\spring-asm\3.1.0.RELEASE\spring-asm-3.1.0.RELEASE.jar;C:\Users\олег\.m2\repository\org\springframework\spring-beans\3.1.0.RELEASE\spring-beans-3.1.0.RELEASE.jar;C:\Users\олег\.m2\repository\org\springframework\spring-context-support\3.1.0.RELEASE\spring-context-support-3.1.0.RELEASE.jar;C:\Users\олег\.m2\repository\org\springframework\spring-core\3.1.0.RELEASE\spring-core-3.1.0.RELEASE.jar;C:\Users\олег\.m2\repository\org\springframework\spring-expression\3.1.0.RELEASE\spring-expression-3.1.0.RELEASE.jar;C:\Users\олег\.m2\repository\org\springframework\spring-web\3.1.0.RELEASE\spring-web-3.1.0.RELEASE.jar;C:\Users\олег\.m2\repository\aopalliance\aopalliance\1.0\aopalliance-1.0.jar;C:\Users\олег\.m2\repository\org\springframework\spring-jdbc\3.1.0.RELEASE\spring-jdbc-3.1.0.RELEASE.jar;C:\Users\олег\.m2\repository\org\springframework\spring-tx\3.1.0.RELEASE\spring-tx-3.1.0.RELEASE.jar;C:\Users\олег\.m2\repository\org\springframework\spring-context\3.1.0.RELEASE\spring-context-3.1.0.RELEASE.jar;C:\Users\олег\.m2\repository\org\springframework\spring-aop\3.1.0.RELEASE\spring-aop-3.1.0.RELEASE.jar;C:\Users\олег\.m2\repository\org\springframework\security\spring-security-core\2.0.7.RELEASE\spring-security-core-2.0.7.RELEASE.jar;C:\Users\олег\.m2\repository\org\springframework\spring-support\2.0.8\spring-support-2.0.8.jar;C:\Users\олег\.m2\repository\commons-logging\commons-logging\1.1.1\commons-logging-1.1.1.jar;C:\Users\олег\.m2\repository\commons-codec\commons-codec\1.3\commons-codec-1.3.jar;C:\Users\олег\.m2\repository\commons-collections\commons-collections\3.2\commons-collections-3.2.jar;C:\Users\олег\.m2\repository\junit\junit\4.10\junit-4.10.jar;C:\Users\олег\.m2\repository\org\hamcrest\hamcrest-core\1.1\hamcrest-core-1.1.jar;C:\Users\олег\.m2\repository\org\springframework\spring-mock\2.0.8\spring-mock-2.0.8.jar;C:\Users\олег\.m2\repository\com\mockrunner\mockrunner\0.3.1\mockrunner-0.3.1.jar;C:\Users\олег\.m2\repository\org\dbunit\dbunit\2.4.8\dbunit-2.4.8.jar;C:\Users\олег\.m2\repository\org\easymock\easymock\3.1\easymock-3.1.jar;C:\Users\олег\.m2\repository\cglib\cglib-nodep\2.2.2\cglib-nodep-2.2.2.jar;C:\Users\олег\.m2\repository\org\objenesis\objenesis\1.2\objenesis-1.2.jar;C:\Users\олег\.m2\repository\org\slf4j\slf4j-api\1.6.4\slf4j-api-1.6.4.jar;C:\Users\олег\.m2\repository\org\freemarker\freemarker\2.3.18\freemarker-2.3.18.jar;C:\Users\олег\.m2\repository\javax\servlet\servlet-api\2.5\servlet-api-2.5.jar;C:\Users\олег\.m2\repository\postgresql\postgresql\9.1-901.jdbc4\postgresql-9.1-901.jdbc4.jar;"/>
    <property name="java.specification.name" value="Java Platform API Specification"/>
    <property name="java.class.version" value="51.0"/>
    <property name="sun.management.compiler" value="HotSpot 64-Bit Tiered Compilers"/>
    <property name="os.version" value="6.1"/>
    <property name="user.home" value="C:\Users\олег"/>
    <property name="user.timezone" value="Europe/Helsinki"/>
    <property name="java.awt.printerjob" value="sun.awt.windows.WPrinterJob"/>
    <property name="java.specification.version" value="1.7"/>
    <property name="file.encoding" value="Cp1251"/>
    <property name="user.name" value="®«ҐЈ"/>
    <property name="java.class.path" value="D:\beorn\work\javaworks\sunbay\promen\target\test-classes;D:\beorn\work\javaworks\sunbay\promen\target\classes;C:\Users\олег\.m2\repository\org\springframework\spring-test\3.1.0.RELEASE\spring-test-3.1.0.RELEASE.jar;C:\Users\олег\.m2\repository\org\springframework\spring-webmvc\3.1.0.RELEASE\spring-webmvc-3.1.0.RELEASE.jar;C:\Users\олег\.m2\repository\org\springframework\spring-asm\3.1.0.RELEASE\spring-asm-3.1.0.RELEASE.jar;C:\Users\олег\.m2\repository\org\springframework\spring-beans\3.1.0.RELEASE\spring-beans-3.1.0.RELEASE.jar;C:\Users\олег\.m2\repository\org\springframework\spring-context-support\3.1.0.RELEASE\spring-context-support-3.1.0.RELEASE.jar;C:\Users\олег\.m2\repository\org\springframework\spring-core\3.1.0.RELEASE\spring-core-3.1.0.RELEASE.jar;C:\Users\олег\.m2\repository\org\springframework\spring-expression\3.1.0.RELEASE\spring-expression-3.1.0.RELEASE.jar;C:\Users\олег\.m2\repository\org\springframework\spring-web\3.1.0.RELEASE\spring-web-3.1.0.RELEASE.jar;C:\Users\олег\.m2\repository\aopalliance\aopalliance\1.0\aopalliance-1.0.jar;C:\Users\олег\.m2\repository\org\springframework\spring-jdbc\3.1.0.RELEASE\spring-jdbc-3.1.0.RELEASE.jar;C:\Users\олег\.m2\repository\org\springframework\spring-tx\3.1.0.RELEASE\spring-tx-3.1.0.RELEASE.jar;C:\Users\олег\.m2\repository\org\springframework\spring-context\3.1.0.RELEASE\spring-context-3.1.0.RELEASE.jar;C:\Users\олег\.m2\repository\org\springframework\spring-aop\3.1.0.RELEASE\spring-aop-3.1.0.RELEASE.jar;C:\Users\олег\.m2\repository\org\springframework\security\spring-security-core\2.0.7.RELEASE\spring-security-core-2.0.7.RELEASE.jar;C:\Users\олег\.m2\repository\org\springframework\spring-support\2.0.8\spring-support-2.0.8.jar;C:\Users\олег\.m2\repository\commons-logging\commons-logging\1.1.1\commons-logging-1.1.1.jar;C:\Users\олег\.m2\repository\commons-codec\commons-codec\1.3\commons-codec-1.3.jar;C:\Users\олег\.m2\repository\commons-collections\commons-collections\3.2\commons-collections-3.2.jar;C:\Users\олег\.m2\repository\junit\junit\4.10\junit-4.10.jar;C:\Users\олег\.m2\repository\org\hamcrest\hamcrest-core\1.1\hamcrest-core-1.1.jar;C:\Users\олег\.m2\repository\org\springframework\spring-mock\2.0.8\spring-mock-2.0.8.jar;C:\Users\олег\.m2\repository\com\mockrunner\mockrunner\0.3.1\mockrunner-0.3.1.jar;C:\Users\олег\.m2\repository\org\dbunit\dbunit\2.4.8\dbunit-2.4.8.jar;C:\Users\олег\.m2\repository\org\easymock\easymock\3.1\easymock-3.1.jar;C:\Users\олег\.m2\repository\cglib\cglib-nodep\2.2.2\cglib-nodep-2.2.2.jar;C:\Users\олег\.m2\repository\org\objenesis\objenesis\1.2\objenesis-1.2.jar;C:\Users\олег\.m2\repository\org\slf4j\slf4j-api\1.6.4\slf4j-api-1.6.4.jar;C:\Users\олег\.m2\repository\org\freemarker\freemarker\2.3.18\freemarker-2.3.18.jar;C:\Users\олег\.m2\repository\javax\servlet\servlet-api\2.5\servlet-api-2.5.jar;C:\Users\олег\.m2\repository\postgresql\postgresql\9.1-901.jdbc4\postgresql-9.1-901.jdbc4.jar;"/>
    <property name="dbunit.connectionUrl" value="jdbc:postgresql://localhost:5432/postgres"/>
    <property name="java.vm.specification.version" value="1.7"/>
    <property name="sun.arch.data.model" value="64"/>
    <property name="java.home" value="D:\JDK\jre"/>
    <property name="sun.java.command" value="C:\Users\29F0~1\AppData\Local\Temp\surefirebooter3991641329337854909.jar C:\Users\29F0~1\AppData\Local\Temp\surefire8935055794987410546tmp C:\Users\29F0~1\AppData\Local\Temp\surefire3364529739243990241tmp"/>
    <property name="java.specification.vendor" value="Oracle Corporation"/>
    <property name="user.language" value="ru"/>
    <property name="awt.toolkit" value="sun.awt.windows.WToolkit"/>
    <property name="java.vm.info" value="mixed mode"/>
    <property name="java.version" value="1.7.0_07"/>
    <property name="java.ext.dirs" value="D:\JDK\jre\lib\ext;C:\Windows\Sun\Java\lib\ext"/>
    <property name="sun.boot.class.path" value="D:\JDK\jre\lib\resources.jar;D:\JDK\jre\lib\rt.jar;D:\JDK\jre\lib\sunrsasign.jar;D:\JDK\jre\lib\jsse.jar;D:\JDK\jre\lib\jce.jar;D:\JDK\jre\lib\charsets.jar;D:\JDK\jre\lib\jfr.jar;D:\JDK\jre\classes"/>
    <property name="java.vendor" value="Oracle Corporation"/>
    <property name="localRepository" value="C:\Users\олег\.m2\repository"/>
    <property name="file.separator" value="\"/>
    <property name="dbunit.driverClass" value="org.postgresql.Driver"/>
    <property name="java.vendor.url.bug" value="http://bugreport.sun.com/bugreport/"/>
    <property name="sun.cpu.endian" value="little"/>
    <property name="sun.io.unicode.encoding" value="UnicodeLittle"/>
    <property name="sun.desktop" value="windows"/>
    <property name="sun.cpu.isalist" value="amd64"/>
  </properties>
  <testcase time="0.005" classname="springapp.validator.EditFormSubmitValidatorTest" name="testValidate"/>
</testsuite>